<?xml version="1.0" encoding="UTF-8"?>
<testsuite name="com.edit.chat.ChatApplicationTests" tests="1" skipped="0" failures="0" errors="0" timestamp="2024-03-06T00:32:23" hostname="hanseyeong-ui-MacBookPro.local" time="0.349">
  <properties/>
  <testcase name="contextLoads()" classname="com.edit.chat.ChatApplicationTests" time="0.349"/>
  <system-out><![CDATA[09:32:22.590 [Test worker] INFO org.springframework.test.context.support.AnnotationConfigContextLoaderUtils -- Could not detect default configuration classes for test class [com.edit.chat.ChatApplicationTests]: ChatApplicationTests does not declare any static, non-private, non-final, nested classes annotated with @Configuration.
09:32:22.635 [Test worker] INFO org.springframework.boot.test.context.SpringBootTestContextBootstrapper -- Found @SpringBootConfiguration com.edit.chat.ChatApplication for test class com.edit.chat.ChatApplicationTests

  .   ____          _            __ _ _
 /\\ / ___'_ __ _ _(_)_ __  __ _ \ \ \ \
( ( )\___ | '_ | '_| | '_ \/ _` | \ \ \ \
 \\/  ___)| |_)| | | | | || (_| |  ) ) ) )
  '  |____| .__|_| |_|_| |_\__, | / / / /
 =========|_|==============|___/=/_/_/_/
 :: Spring Boot ::                (v3.2.3)

2024-03-06T09:32:22.793+09:00  INFO 31704 --- [    Test worker] com.edit.chat.ChatApplicationTests       : Starting ChatApplicationTests using Java 17.0.7 with PID 31704 (started by seni in /Users/seni/simul_tech/ed-it-chat)
2024-03-06T09:32:22.793+09:00  INFO 31704 --- [    Test worker] com.edit.chat.ChatApplicationTests       : No active profile set, falling back to 1 default profile: "default"
2024-03-06T09:32:23.055+09:00  INFO 31704 --- [    Test worker] .s.d.r.c.RepositoryConfigurationDelegate : Bootstrapping Spring Data JPA repositories in DEFAULT mode.
2024-03-06T09:32:23.063+09:00  INFO 31704 --- [    Test worker] .s.d.r.c.RepositoryConfigurationDelegate : Finished Spring Data repository scanning in 4 ms. Found 0 JPA repository interfaces.
2024-03-06T09:32:23.230+09:00  INFO 31704 --- [    Test worker] com.zaxxer.hikari.HikariDataSource       : HikariPool-1 - Starting...
2024-03-06T09:32:23.311+09:00  INFO 31704 --- [    Test worker] com.zaxxer.hikari.pool.HikariPool        : HikariPool-1 - Added connection conn0: url=jdbc:h2:mem:ad546828-e897-4eff-aed4-ea6e0c651dd8 user=SA
2024-03-06T09:32:23.312+09:00  INFO 31704 --- [    Test worker] com.zaxxer.hikari.HikariDataSource       : HikariPool-1 - Start completed.
2024-03-06T09:32:23.337+09:00  INFO 31704 --- [    Test worker] o.hibernate.jpa.internal.util.LogHelper  : HHH000204: Processing PersistenceUnitInfo [name: default]
2024-03-06T09:32:23.360+09:00  INFO 31704 --- [    Test worker] org.hibernate.Version                    : HHH000412: Hibernate ORM core version 6.4.4.Final
2024-03-06T09:32:23.375+09:00  INFO 31704 --- [    Test worker] o.h.c.internal.RegionFactoryInitiator    : HHH000026: Second-level cache disabled
2024-03-06T09:32:23.468+09:00  INFO 31704 --- [    Test worker] o.s.o.j.p.SpringPersistenceUnitInfo      : No LoadTimeWeaver setup: ignoring JPA class transformer
2024-03-06T09:32:23.630+09:00  INFO 31704 --- [    Test worker] o.h.e.t.j.p.i.JtaPlatformInitiator       : HHH000489: No JTA platform available (set 'hibernate.transaction.jta.platform' to enable JTA platform integration)
2024-03-06T09:32:23.632+09:00  INFO 31704 --- [    Test worker] j.LocalContainerEntityManagerFactoryBean : Initialized JPA EntityManagerFactory for persistence unit 'default'
2024-03-06T09:32:23.697+09:00  WARN 31704 --- [    Test worker] JpaBaseConfiguration$JpaWebConfiguration : spring.jpa.open-in-view is enabled by default. Therefore, database queries may be performed during view rendering. Explicitly configure spring.jpa.open-in-view to disable this warning
2024-03-06T09:32:23.886+09:00  INFO 31704 --- [    Test worker] com.edit.chat.ChatApplicationTests       : Started ChatApplicationTests in 1.187 seconds (process running for 1.659)
]]></system-out>
  <system-err><![CDATA[]]></system-err>
</testsuite>
